[debug] [2025-07-01T06:44:34.975Z] ----------------------------------------------------------------------
[debug] [2025-07-01T06:44:34.986Z] Command:       /usr/local/bin/node /usr/local/bin/firebase init
[debug] [2025-07-01T06:44:34.987Z] CLI Version:   14.9.0
[debug] [2025-07-01T06:44:34.987Z] Platform:      darwin
[debug] [2025-07-01T06:44:34.987Z] Node Version:  v22.14.0
[debug] [2025-07-01T06:44:34.987Z] Time:          Tue Jul 01 2025 12:14:34 GMT+0530 (India Standard Time)
[debug] [2025-07-01T06:44:34.987Z] ----------------------------------------------------------------------
[debug] 
[debug] [2025-07-01T06:44:34.990Z] > command requires scopes: ["email","openid","https://www.googleapis.com/auth/cloudplatformprojects.readonly","https://www.googleapis.com/auth/firebase","https://www.googleapis.com/auth/cloud-platform"]
[debug] [2025-07-01T06:44:34.990Z] > authorizing via signed-in user (ravinkodithuwakku88@gmail.com)
[info] 
     ######## #### ########  ######## ########     ###     ######  ########
     ##        ##  ##     ## ##       ##     ##  ##   ##  ##       ##
     ######    ##  ########  ######   ########  #########  ######  ######
     ##        ##  ##    ##  ##       ##     ## ##     ##       ## ##
     ##       #### ##     ## ######## ########  ##     ##  ######  ########

You're about to initialize a Firebase project in this directory:

  /Users/dumindumendis/Documents/my Projects/CFTL/CFTL-LMS

[debug] [2025-07-01T06:46:03.761Z] ExitPromptError: User force closed the prompt with SIGINT
    at Interface.sigint (/usr/local/lib/node_modules/firebase-tools/node_modules/@inquirer/core/dist/commonjs/lib/create-prompt.js:101:37)
    at Interface.emit (node:events:518:28)
    at Interface.emit (node:domain:489:12)
    at [_ttyWrite] [as _ttyWrite] (node:internal/readline/interface:1124:18)
    at ReadStream.onkeypress (node:internal/readline/interface:263:20)
    at ReadStream.emit (node:events:530:35)
    at ReadStream.emit (node:domain:489:12)
    at emitKeys (node:internal/readline/utils:370:14)
    at emitKeys.next (<anonymous>)
    at ReadStream.onData (node:internal/readline/emitKeypressEvents:64:36)
[error] 
[error] Error: An unexpected error has occurred.
